<?xml version="1.0" encoding="UTF-8"?>
<!-- Generated by org.testng.reporters.JUnitReportReporter -->
<testsuite hostname="DESKTOP-GHP2PSU" name="Test.nowtest" tests="12" failures="0" timestamp="23 May 2017 02:47:59 GMT" time="25.643" errors="0">
  <testcase name="testContact" time="0.744" classname="Test.nowtest"/>
  <testcase name="testDestinations" time="0.834" classname="Test.nowtest"/>
  <testcase name="testVacations" time="0.732" classname="Test.nowtest"/>
  <testcase name="testPage1" time="6.841" classname="Test.nowtest"/>
  <testcase name="testHome" time="0.914" classname="Test.nowtest"/>
  <testcase name="testCarRentals" time="0.736" classname="Test.nowtest"/>
  <testcase name="testSupport" time="0.706" classname="Test.nowtest"/>
  <testcase name="testSignin" time="3.522" classname="Test.nowtest"/>
  <testcase name="testHotels" time="0.735" classname="Test.nowtest"/>
  <testcase name="testCruises" time="3.455" classname="Test.nowtest"/>
  <testcase name="testBookFlight" time="6.370" classname="Test.nowtest"/>
  <testcase name="testLunch" time="0.054" classname="Test.nowtest"/>
</testsuite> <!-- Test.nowtest -->
